<?xml version="1.0" encoding="UTF-8"?>
<!-- Generated by org.testng.reporters.JUnitReportReporter -->
<testsuite hostname="DESKTOP-5H5ME9M" failures="0" tests="1" name="testCases.LoginTest" time="25.983" errors="0" timestamp="2022-07-10T10:30:33 IST" skipped="0">
  <testcase classname="testCases.LoginTest" name="loginTest" time="25.983"/>
  <system-out/>
</testsuite> <!-- testCases.LoginTest -->
